2015-07-24 14:09:08 [ qtp971600689-29:103691 ] - [ INFO ] 进入方法/userLogin，当前的登录状态码为:1
2015-07-24 14:09:25 [ qtp971600689-29:120501 ] - [ INFO ] 进入数据检索业务逻辑方法...
2015-07-24 14:35:04 [ qtp911585694-26:40858 ] - [ INFO ] 进入方法/userLogin，当前的登录状态码为:1
2015-07-24 14:47:41 [ qtp1031654823-25:58633 ] - [ INFO ] 进入方法/userLogin，当前的登录状态码为:1
2015-07-24 14:52:06 [ qtp1031654823-22:322957 ] - [ INFO ] before createPayment
2015-07-24 14:55:06 [ qtp1031654823-24:503815 ] - [ INFO ] before createPayment
2015-07-24 15:00:56 [ qtp1434703642-25:86619 ] - [ INFO ] 进入方法/userLogin，当前的登录状态码为:1
2015-07-24 15:01:19 [ qtp1434703642-23:109736 ] - [ INFO ] before createPayment
2015-07-24 15:01:19 [ qtp1434703642-23:109737 ] - [ INFO ] begin transaction
2015-07-24 15:01:19 [ qtp1434703642-23:109746 ] - [ INFO ] names
2015-07-24 15:01:19 [ qtp1434703642-23:109755 ] - [ INFO ] 
2015-07-24 15:04:51 [ qtp1434703642-19:321672 ] - [ INFO ] before createPayment
2015-07-24 15:04:51 [ qtp1434703642-19:321673 ] - [ INFO ] begin transaction
2015-07-24 15:04:51 [ qtp1434703642-19:321674 ] - [ INFO ] names
2015-07-24 15:04:51 [ qtp1434703642-19:321674 ] - [ INFO ] 
2015-07-24 15:09:02 [ qtp458963873-24:42027 ] - [ INFO ] 进入方法/userLogin，当前的登录状态码为:1
2015-07-24 15:09:26 [ qtp458963873-25:65918 ] - [ INFO ] before createPayment
2015-07-24 15:09:26 [ qtp458963873-25:65919 ] - [ INFO ] begin transaction
2015-07-24 15:09:26 [ qtp458963873-25:65923 ] - [ INFO ] names
2015-07-24 15:09:26 [ qtp458963873-25:65923 ] - [ INFO ] 
2015-07-24 15:09:26 [ qtp458963873-25:65927 ] - [ INFO ] 
2015-07-24 15:10:31 [ qtp458963873-24:131207 ] - [ INFO ] before createPayment
2015-07-24 15:10:31 [ qtp458963873-24:131207 ] - [ INFO ] begin transaction
2015-07-24 15:10:31 [ qtp458963873-24:131208 ] - [ INFO ] names
2015-07-24 15:10:31 [ qtp458963873-24:131208 ] - [ INFO ] 
2015-07-24 15:10:31 [ qtp458963873-24:131208 ] - [ INFO ] 
2015-07-24 15:20:17 [ qtp1434703642-25:109680 ] - [ INFO ] 进入方法/userLogin，当前的登录状态码为:1
